"C:\Program Files\JetBrains\CLion 2022.3.2\bin\cmake\win\x64\bin\cmake.exe" -DCMAKE_BUILD_TYPE=Debug -DCMAKE_CXX_FLAGS=--coverage -DCMAKE_C_FLAGS=--coverageC:/Users/arne/Documents/2022-2023/s2/PSE/PSE_Metro_Simulatie/.. -G "CodeBlocks - MinGW Makefiles" -S C:\Users\arne\Documents\2022-2023\s2\PSE\PSE_Metro_Simulatie -B C:\Users\arne\Documents\2022-2023\s2\PSE\PSE_Metro_Simulatie\cmake-build-debug-coverage
-- The C compiler identification is GNU 6.3.0
-- The CXX compiler identification is GNU 6.3.0
-- Detecting C compiler ABI info
-- Detecting C compiler ABI info - failed
-- Check for working C compiler: C:/MinGW/bin/gcc.exe
-- Check for working C compiler: C:/MinGW/bin/gcc.exe - broken
CMake Error at C:/Program Files/JetBrains/CLion 2022.3.2/bin/cmake/win/x64/share/cmake-3.24/Modules/CMakeTestCCompiler.cmake:69 (message):
  The C compiler

    "C:/MinGW/bin/gcc.exe"

  is not able to compile a simple test program.

  It fails with the following output:

    Change Dir: C:/Users/arne/Documents/2022-2023/s2/PSE/PSE_Metro_Simulatie/cmake-build-debug-coverage/CMakeFiles/CMakeTmp
    
    Run Build Command(s):C:/MinGW/bin/mingw32-make.exe -f Makefile cmTC_c64f6/fast && C:/MinGW/bin/mingw32-make.exe  -f CMakeFiles\cmTC_c64f6.dir\build.make CMakeFiles/cmTC_c64f6.dir/build
    mingw32-make.exe[1]: Entering directory 'C:/Users/arne/Documents/2022-2023/s2/PSE/PSE_Metro_Simulatie/cmake-build-debug-coverage/CMakeFiles/CMakeTmp'
    Building C object CMakeFiles/cmTC_c64f6.dir/testCCompiler.c.obj
    C:\MinGW\bin\gcc.exe   --coverageC:/Users/arne/Documents/2022-2023/s2/PSE/PSE_Metro_Simulatie/..  -fdiagnostics-color=always -o CMakeFiles\cmTC_c64f6.dir\testCCompiler.c.obj -c C:\Users\arne\Documents\2022-2023\s2\PSE\PSE_Metro_Simulatie\cmake-build-debug-coverage\CMakeFiles\CMakeTmp\testCCompiler.c
    gcc.exe: error: unrecognized command line option '--coverageC:/Users/arne/Documents/2022-2023/s2/PSE/PSE_Metro_Simulatie/..'
    CMakeFiles\cmTC_c64f6.dir\build.make:76: recipe for target 'CMakeFiles/cmTC_c64f6.dir/testCCompiler.c.obj' failed
    mingw32-make.exe[1]: *** [CMakeFiles/cmTC_c64f6.dir/testCCompiler.c.obj] Error 1
    mingw32-make.exe[1]: Leaving directory 'C:/Users/arne/Documents/2022-2023/s2/PSE/PSE_Metro_Simulatie/cmake-build-debug-coverage/CMakeFiles/CMakeTmp'
    Makefile:126: recipe for target 'cmTC_c64f6/fast' failed
    mingw32-make.exe: *** [cmTC_c64f6/fast] Error 2
    
    

  

  CMake will not be able to correctly generate this project.
Call Stack (most recent call first):
  CMakeLists.txt:2 (project)


-- Configuring incomplete, errors occurred!
See also "C:/Users/arne/Documents/2022-2023/s2/PSE/PSE_Metro_Simulatie/cmake-build-debug-coverage/CMakeFiles/CMakeOutput.log".
See also "C:/Users/arne/Documents/2022-2023/s2/PSE/PSE_Metro_Simulatie/cmake-build-debug-coverage/CMakeFiles/CMakeError.log".
